TN:
SF:controllers\producto.controller.js
FN:6,Object.<anonymous>.exports.getProductos
FN:25,Object.<anonymous>.exports.getProductosDisponibles
FN:41,Object.<anonymous>.exports.crearProducto
FN:101,Object.<anonymous>.exports.editarProducto
FN:204,Object.<anonymous>.exports.cambioDisponibilidad
FN:225,Object.<anonymous>.exports.eliminarProducto
FN:248,Object.<anonymous>.exports.cambioEstadoDisponible
FNF:7
FNH:7
FNDA:2,Object.<anonymous>.exports.getProductos
FNDA:2,Object.<anonymous>.exports.getProductosDisponibles
FNDA:2,Object.<anonymous>.exports.crearProducto
FNDA:1,Object.<anonymous>.exports.editarProducto
FNDA:2,Object.<anonymous>.exports.cambioDisponibilidad
FNDA:2,Object.<anonymous>.exports.eliminarProducto
FNDA:2,Object.<anonymous>.exports.cambioEstadoDisponible
DA:1,1
DA:2,1
DA:3,1
DA:4,1
DA:5,1
DA:6,1
DA:7,2
DA:8,2
DA:9,2
DA:10,2
DA:11,2
DA:12,2
DA:13,2
DA:14,2
DA:15,2
DA:16,2
DA:17,1
DA:18,1
DA:19,1
DA:20,1
DA:21,1
DA:22,2
DA:23,1
DA:24,1
DA:25,1
DA:26,2
DA:27,2
DA:28,2
DA:29,2
DA:30,2
DA:31,2
DA:32,2
DA:33,2
DA:34,2
DA:35,2
DA:36,2
DA:37,2
DA:38,1
DA:39,1
DA:40,1
DA:41,1
DA:42,2
DA:43,2
DA:44,2
DA:45,2
DA:46,2
DA:47,2
DA:48,2
DA:49,2
DA:50,2
DA:51,2
DA:52,2
DA:53,2
DA:54,2
DA:55,2
DA:56,2
DA:57,2
DA:58,2
DA:59,2
DA:60,2
DA:61,2
DA:62,2
DA:63,2
DA:64,2
DA:65,2
DA:66,2
DA:67,2
DA:68,2
DA:69,2
DA:70,2
DA:71,2
DA:72,2
DA:73,2
DA:74,2
DA:75,2
DA:76,2
DA:77,4
DA:78,4
DA:79,4
DA:80,2
DA:81,2
DA:82,2
DA:83,2
DA:84,2
DA:85,2
DA:86,2
DA:87,2
DA:88,2
DA:89,2
DA:90,2
DA:91,2
DA:92,2
DA:93,1
DA:94,1
DA:95,1
DA:96,1
DA:97,1
DA:98,1
DA:99,2
DA:100,1
DA:101,1
DA:102,1
DA:103,1
DA:104,1
DA:105,1
DA:106,1
DA:107,1
DA:108,1
DA:109,1
DA:110,1
DA:111,1
DA:112,1
DA:113,1
DA:114,1
DA:115,1
DA:116,1
DA:117,1
DA:118,1
DA:119,1
DA:120,1
DA:121,1
DA:122,1
DA:123,1
DA:124,1
DA:125,1
DA:126,1
DA:127,1
DA:128,1
DA:129,1
DA:130,1
DA:131,1
DA:132,1
DA:133,1
DA:134,1
DA:135,0
DA:136,0
DA:137,0
DA:138,0
DA:139,0
DA:140,0
DA:141,0
DA:142,0
DA:143,0
DA:144,0
DA:145,0
DA:146,0
DA:147,0
DA:148,0
DA:149,0
DA:150,0
DA:151,0
DA:152,0
DA:153,0
DA:154,0
DA:155,0
DA:156,0
DA:157,0
DA:158,0
DA:159,0
DA:160,0
DA:161,0
DA:162,0
DA:163,0
DA:164,0
DA:165,0
DA:166,0
DA:167,0
DA:168,0
DA:169,0
DA:170,0
DA:171,0
DA:172,0
DA:173,0
DA:174,0
DA:175,0
DA:176,0
DA:177,0
DA:178,0
DA:179,0
DA:180,0
DA:181,0
DA:182,0
DA:183,0
DA:184,0
DA:185,0
DA:186,0
DA:187,0
DA:188,0
DA:189,0
DA:190,0
DA:191,0
DA:192,0
DA:193,0
DA:194,0
DA:195,0
DA:196,0
DA:197,0
DA:198,1
DA:199,1
DA:200,1
DA:201,1
DA:202,1
DA:203,1
DA:204,1
DA:205,2
DA:206,2
DA:207,2
DA:208,2
DA:209,2
DA:210,2
DA:211,2
DA:212,2
DA:213,2
DA:214,2
DA:215,2
DA:216,2
DA:217,1
DA:218,1
DA:219,1
DA:220,1
DA:221,1
DA:222,1
DA:223,2
DA:224,1
DA:225,1
DA:226,2
DA:227,2
DA:228,2
DA:229,2
DA:230,2
DA:231,2
DA:232,2
DA:233,2
DA:234,2
DA:235,2
DA:236,2
DA:237,2
DA:238,2
DA:239,2
DA:240,1
DA:241,1
DA:242,1
DA:243,1
DA:244,1
DA:245,1
DA:246,2
DA:247,1
DA:248,1
DA:249,2
DA:250,2
DA:251,2
DA:252,2
DA:253,2
DA:254,2
DA:255,2
DA:256,2
DA:257,2
DA:258,2
DA:259,2
DA:260,2
DA:261,2
DA:262,1
DA:263,1
DA:264,1
DA:265,1
DA:266,1
DA:267,1
DA:268,2
LF:268
LH:205
BRDA:6,0,0,2
BRDA:16,1,0,1
BRDA:25,2,0,2
BRDA:37,3,0,1
BRDA:41,4,0,2
BRDA:92,5,0,1
BRDA:73,6,0,2
BRDA:76,7,0,4
BRDA:101,8,0,1
BRDA:134,9,0,0
BRDA:204,10,0,2
BRDA:216,11,0,1
BRDA:225,12,0,2
BRDA:239,13,0,1
BRDA:248,14,0,2
BRDA:261,15,0,1
BRF:16
BRH:15
end_of_record
TN:
SF:controllers\variacion.controller.js
FN:4,Object.<anonymous>.exports.getVariaciones
FN:10,Object.<anonymous>.exports.editarVariacion
FN:27,Object.<anonymous>.exports.eliminarVariacion
FNF:3
FNH:3
FNDA:2,Object.<anonymous>.exports.getVariaciones
FNDA:2,Object.<anonymous>.exports.editarVariacion
FNDA:2,Object.<anonymous>.exports.eliminarVariacion
DA:1,1
DA:2,1
DA:3,1
DA:4,1
DA:5,2
DA:6,1
DA:7,1
DA:8,1
DA:9,1
DA:10,1
DA:11,2
DA:12,2
DA:13,2
DA:14,2
DA:15,2
DA:16,2
DA:17,2
DA:18,2
DA:19,2
DA:20,2
DA:21,1
DA:22,1
DA:23,1
DA:24,1
DA:25,2
DA:26,1
DA:27,1
DA:28,2
DA:29,2
DA:30,2
DA:31,2
DA:32,1
DA:33,1
DA:34,1
DA:35,1
DA:36,1
DA:37,2
LF:37
LH:37
BRDA:4,0,0,2
BRDA:5,1,0,1
BRDA:10,2,0,2
BRDA:20,3,0,1
BRDA:27,4,0,2
BRDA:31,5,0,1
BRF:6
BRH:6
end_of_record
TN:
SF:controllers\variante.controller.js
FN:4,Object.<anonymous>.exports.editarVariante
FN:19,Object.<anonymous>.exports.eliminarVariante
FNF:2
FNH:1
FNDA:2,Object.<anonymous>.exports.editarVariante
FNDA:0,Object.<anonymous>.exports.eliminarVariante
DA:1,1
DA:2,1
DA:3,1
DA:4,1
DA:5,2
DA:6,2
DA:7,2
DA:8,2
DA:9,2
DA:10,2
DA:11,2
DA:12,1
DA:13,1
DA:14,1
DA:15,1
DA:16,2
DA:17,1
DA:18,1
DA:19,1
DA:20,0
DA:21,0
DA:22,0
DA:23,0
DA:24,0
DA:25,0
DA:26,0
DA:27,0
DA:28,0
DA:29,0
DA:30,0
DA:31,0
DA:32,0
DA:33,0
DA:34,0
DA:35,0
DA:36,0
DA:37,0
DA:38,0
DA:39,0
DA:40,0
LF:40
LH:19
BRDA:4,0,0,2
BRDA:11,1,0,1
BRF:2
BRH:2
end_of_record
